{"C:\\Users\\slian01\\Projects\\ReactiveChat\\frontend\\src\\root\\components\\common\\InputBlock.tsx": {"path":"C:\\Users\\slian01\\Projects\\ReactiveChat\\frontend\\src\\root\\components\\common\\InputBlock.tsx","statementMap":{"0":{"start":{"line":12,"column":19},"end":{"line":38,"column":1}},"1":{"start":{"line":13,"column":28},"end":{"line":13,"column":46}},"2":{"start":{"line":15,"column":21},"end":{"line":18,"column":5}},"3":{"start":{"line":16,"column":8},"end":{"line":16,"column":29}},"4":{"start":{"line":17,"column":8},"end":{"line":17,"column":20}},"5":{"start":{"line":20,"column":27},"end":{"line":24,"column":5}},"6":{"start":{"line":21,"column":8},"end":{"line":23,"column":9}},"7":{"start":{"line":22,"column":12},"end":{"line":22,"column":27}},"8":{"start":{"line":26,"column":4},"end":{"line":37,"column":5}},"9":{"start":{"line":30,"column":37},"end":{"line":30,"column":64}},"10":{"start":{"line":33,"column":68},"end":{"line":33,"column":82}}},"fnMap":{"0":{"name":"(anonymous_0)","decl":{"start":{"line":12,"column":19},"end":{"line":12,"column":20}},"loc":{"start":{"line":12,"column":65},"end":{"line":38,"column":1}},"line":12},"1":{"name":"(anonymous_1)","decl":{"start":{"line":15,"column":21},"end":{"line":15,"column":22}},"loc":{"start":{"line":15,"column":39},"end":{"line":18,"column":5}},"line":15},"2":{"name":"(anonymous_2)","decl":{"start":{"line":20,"column":27},"end":{"line":20,"column":28}},"loc":{"start":{"line":20,"column":34},"end":{"line":24,"column":5}},"line":20},"3":{"name":"(anonymous_3)","decl":{"start":{"line":30,"column":26},"end":{"line":30,"column":27}},"loc":{"start":{"line":30,"column":37},"end":{"line":30,"column":64}},"line":30},"4":{"name":"(anonymous_4)","decl":{"start":{"line":33,"column":62},"end":{"line":33,"column":63}},"loc":{"start":{"line":33,"column":68},"end":{"line":33,"column":82}},"line":33}},"branchMap":{"0":{"loc":{"start":{"line":21,"column":8},"end":{"line":23,"column":9}},"type":"if","locations":[{"start":{"line":21,"column":8},"end":{"line":23,"column":9}},{"start":{"line":21,"column":8},"end":{"line":23,"column":9}}],"line":21}},"s":{"0":1,"1":1,"2":1,"3":0,"4":0,"5":1,"6":0,"7":0,"8":1,"9":0,"10":0},"f":{"0":1,"1":0,"2":0,"3":0,"4":0},"b":{"0":[0,0]},"_coverageSchema":"43e27e138ebf9cfc5966b082cf9a028302ed4184","hash":"5728c3bb27e3cbfa1c61f765d015ee0bece4ec43"}
,"C:\\Users\\slian01\\Projects\\ReactiveChat\\frontend\\src\\root\\components\\common\\styles\\index.ts": {"path":"C:\\Users\\slian01\\Projects\\ReactiveChat\\frontend\\src\\root\\components\\common\\styles\\index.ts","statementMap":{"0":{"start":{"line":3,"column":42},"end":{"line":34,"column":2}},"1":{"start":{"line":3,"column":52},"end":{"line":34,"column":1}}},"fnMap":{"0":{"name":"(anonymous_0)","decl":{"start":{"line":3,"column":42},"end":{"line":3,"column":43}},"loc":{"start":{"line":3,"column":52},"end":{"line":34,"column":1}},"line":3}},"branchMap":{},"s":{"0":1,"1":1},"f":{"0":1},"b":{},"_coverageSchema":"43e27e138ebf9cfc5966b082cf9a028302ed4184","hash":"850a8e013dc0bfc465bd19618e65293fabe4eb3b"}
,"C:\\Users\\slian01\\Projects\\ReactiveChat\\frontend\\src\\root\\scene\\chat\\components\\index.tsx": {"path":"C:\\Users\\slian01\\Projects\\ReactiveChat\\frontend\\src\\root\\scene\\chat\\components\\index.tsx","statementMap":{"0":{"start":{"line":17,"column":13},"end":{"line":37,"column":1}},"1":{"start":{"line":18,"column":4},"end":{"line":20,"column":20}},"2":{"start":{"line":19,"column":8},"end":{"line":19,"column":36}},"3":{"start":{"line":22,"column":22},"end":{"line":26,"column":17}},"4":{"start":{"line":22,"column":40},"end":{"line":26,"column":17}},"5":{"start":{"line":28,"column":4},"end":{"line":36,"column":5}}},"fnMap":{"0":{"name":"(anonymous_0)","decl":{"start":{"line":17,"column":13},"end":{"line":17,"column":14}},"loc":{"start":{"line":17,"column":53},"end":{"line":37,"column":1}},"line":17},"1":{"name":"(anonymous_1)","decl":{"start":{"line":18,"column":20},"end":{"line":18,"column":21}},"loc":{"start":{"line":18,"column":26},"end":{"line":20,"column":5}},"line":18},"2":{"name":"(anonymous_2)","decl":{"start":{"line":22,"column":22},"end":{"line":22,"column":23}},"loc":{"start":{"line":22,"column":40},"end":{"line":26,"column":17}},"line":22}},"branchMap":{"0":{"loc":{"start":{"line":32,"column":16},"end":{"line":33,"column":55}},"type":"binary-expr","locations":[{"start":{"line":32,"column":16},"end":{"line":32,"column":26}},{"start":{"line":32,"column":30},"end":{"line":33,"column":55}}],"line":32}},"s":{"0":1,"1":2,"2":1,"3":2,"4":0,"5":2},"f":{"0":2,"1":1,"2":0},"b":{"0":[2,1]},"_coverageSchema":"43e27e138ebf9cfc5966b082cf9a028302ed4184","hash":"3a5825010000740a611e20e21e9ba8c457a4fb54"}
,"C:\\Users\\slian01\\Projects\\ReactiveChat\\frontend\\src\\root\\scene\\chat\\components\\messages\\MessageBlock.tsx": {"path":"C:\\Users\\slian01\\Projects\\ReactiveChat\\frontend\\src\\root\\scene\\chat\\components\\messages\\MessageBlock.tsx","statementMap":{"0":{"start":{"line":12,"column":21},"end":{"line":27,"column":1}},"1":{"start":{"line":13,"column":4},"end":{"line":26,"column":14}}},"fnMap":{"0":{"name":"(anonymous_0)","decl":{"start":{"line":12,"column":21},"end":{"line":12,"column":22}},"loc":{"start":{"line":13,"column":4},"end":{"line":26,"column":14}},"line":13}},"branchMap":{},"s":{"0":2,"1":2},"f":{"0":2},"b":{},"_coverageSchema":"43e27e138ebf9cfc5966b082cf9a028302ed4184","hash":"3b5f4497336f392f1ea96870dfa4c3b70bbee094"}
,"C:\\Users\\slian01\\Projects\\ReactiveChat\\frontend\\src\\root\\scene\\chat\\components\\messages\\MyMessageBlock.tsx": {"path":"C:\\Users\\slian01\\Projects\\ReactiveChat\\frontend\\src\\root\\scene\\chat\\components\\messages\\MyMessageBlock.tsx","statementMap":{"0":{"start":{"line":6,"column":23},"end":{"line":10,"column":1}},"1":{"start":{"line":7,"column":4},"end":{"line":9,"column":14}}},"fnMap":{"0":{"name":"(anonymous_0)","decl":{"start":{"line":6,"column":23},"end":{"line":6,"column":24}},"loc":{"start":{"line":7,"column":4},"end":{"line":9,"column":14}},"line":7}},"branchMap":{},"s":{"0":2,"1":1},"f":{"0":1},"b":{},"_coverageSchema":"43e27e138ebf9cfc5966b082cf9a028302ed4184","hash":"36c9c2da59efeeebbf21ab425b1f35925cf82f23"}
,"C:\\Users\\slian01\\Projects\\ReactiveChat\\frontend\\src\\root\\scene\\chat\\components\\messages\\index.tsx": {"path":"C:\\Users\\slian01\\Projects\\ReactiveChat\\frontend\\src\\root\\scene\\chat\\components\\messages\\index.tsx","statementMap":{"0":{"start":{"line":14,"column":27},"end":{"line":26,"column":1}},"1":{"start":{"line":15,"column":4},"end":{"line":25,"column":5}},"2":{"start":{"line":19,"column":20},"end":{"line":21,"column":72}}},"fnMap":{"0":{"name":"(anonymous_0)","decl":{"start":{"line":14,"column":27},"end":{"line":14,"column":28}},"loc":{"start":{"line":14,"column":74},"end":{"line":26,"column":1}},"line":14},"1":{"name":"(anonymous_1)","decl":{"start":{"line":18,"column":53},"end":{"line":18,"column":54}},"loc":{"start":{"line":19,"column":20},"end":{"line":21,"column":72}},"line":19}},"branchMap":{"0":{"loc":{"start":{"line":18,"column":16},"end":{"line":22,"column":17}},"type":"binary-expr","locations":[{"start":{"line":18,"column":16},"end":{"line":18,"column":30}},{"start":{"line":18,"column":34},"end":{"line":22,"column":17}}],"line":18},"1":{"loc":{"start":{"line":19,"column":20},"end":{"line":21,"column":72}},"type":"cond-expr","locations":[{"start":{"line":20,"column":26},"end":{"line":20,"column":74}},{"start":{"line":21,"column":26},"end":{"line":21,"column":72}}],"line":19},"2":{"loc":{"start":{"line":19,"column":20},"end":{"line":19,"column":68}},"type":"binary-expr","locations":[{"start":{"line":19,"column":20},"end":{"line":19,"column":30}},{"start":{"line":19,"column":34},"end":{"line":19,"column":68}}],"line":19}},"s":{"0":2,"1":4,"2":2},"f":{"0":4,"1":2},"b":{"0":[4,4],"1":[1,1],"2":[2,2]},"_coverageSchema":"43e27e138ebf9cfc5966b082cf9a028302ed4184","hash":"1409097ac63755b4fe2d873568a00680b5f31627"}
,"C:\\Users\\slian01\\Projects\\ReactiveChat\\frontend\\src\\root\\scene\\chat\\components\\messages\\styles\\index.ts": {"path":"C:\\Users\\slian01\\Projects\\ReactiveChat\\frontend\\src\\root\\scene\\chat\\components\\messages\\styles\\index.ts","statementMap":{"0":{"start":{"line":3,"column":42},"end":{"line":26,"column":2}},"1":{"start":{"line":3,"column":52},"end":{"line":26,"column":1}}},"fnMap":{"0":{"name":"(anonymous_0)","decl":{"start":{"line":3,"column":42},"end":{"line":3,"column":43}},"loc":{"start":{"line":3,"column":52},"end":{"line":26,"column":1}},"line":3}},"branchMap":{},"s":{"0":2,"1":3},"f":{"0":3},"b":{},"_coverageSchema":"43e27e138ebf9cfc5966b082cf9a028302ed4184","hash":"d02c90235d443fa82de6c5a0f5f961c2182f5ca2"}
,"C:\\Users\\slian01\\Projects\\ReactiveChat\\frontend\\src\\root\\scene\\chat\\components\\styles\\index.ts": {"path":"C:\\Users\\slian01\\Projects\\ReactiveChat\\frontend\\src\\root\\scene\\chat\\components\\styles\\index.ts","statementMap":{"0":{"start":{"line":3,"column":42},"end":{"line":16,"column":2}},"1":{"start":{"line":3,"column":52},"end":{"line":16,"column":1}}},"fnMap":{"0":{"name":"(anonymous_0)","decl":{"start":{"line":3,"column":42},"end":{"line":3,"column":43}},"loc":{"start":{"line":3,"column":52},"end":{"line":16,"column":1}},"line":3}},"branchMap":{},"s":{"0":1,"1":1},"f":{"0":1},"b":{},"_coverageSchema":"43e27e138ebf9cfc5966b082cf9a028302ed4184","hash":"8941141cca2e49ed5f8192882ec23c926561f7b4"}
}
