{"C:\\Users\\slian01\\Projects\\ReactiveChat\\frontend\\src\\chat\\components\\index.tsx": {"path":"C:\\Users\\slian01\\Projects\\ReactiveChat\\frontend\\src\\chat\\components\\index.tsx","statementMap":{"0":{"start":{"line":18,"column":20},"end":{"line":40,"column":1}},"1":{"start":{"line":19,"column":4},"end":{"line":21,"column":20}},"2":{"start":{"line":20,"column":8},"end":{"line":20,"column":36}},"3":{"start":{"line":23,"column":22},"end":{"line":27,"column":17}},"4":{"start":{"line":23,"column":40},"end":{"line":27,"column":17}},"5":{"start":{"line":29,"column":4},"end":{"line":39,"column":5}}},"fnMap":{"0":{"name":"(anonymous_0)","decl":{"start":{"line":18,"column":20},"end":{"line":18,"column":21}},"loc":{"start":{"line":18,"column":60},"end":{"line":40,"column":1}},"line":18},"1":{"name":"(anonymous_1)","decl":{"start":{"line":19,"column":20},"end":{"line":19,"column":21}},"loc":{"start":{"line":19,"column":26},"end":{"line":21,"column":5}},"line":19},"2":{"name":"(anonymous_2)","decl":{"start":{"line":23,"column":22},"end":{"line":23,"column":23}},"loc":{"start":{"line":23,"column":40},"end":{"line":27,"column":17}},"line":23}},"branchMap":{"0":{"loc":{"start":{"line":33,"column":16},"end":{"line":36,"column":35}},"type":"cond-expr","locations":[{"start":{"line":34,"column":22},"end":{"line":35,"column":55}},{"start":{"line":36,"column":22},"end":{"line":36,"column":35}}],"line":33}},"s":{"0":1,"1":2,"2":1,"3":2,"4":0,"5":2},"f":{"0":2,"1":1,"2":0},"b":{"0":[1,1]},"_coverageSchema":"43e27e138ebf9cfc5966b082cf9a028302ed4184","hash":"5276cd21d2fe72f6013892cdf35a4a38fe551744"}
,"C:\\Users\\slian01\\Projects\\ReactiveChat\\frontend\\src\\chat\\components\\common\\InputBlock.tsx": {"path":"C:\\Users\\slian01\\Projects\\ReactiveChat\\frontend\\src\\chat\\components\\common\\InputBlock.tsx","statementMap":{"0":{"start":{"line":12,"column":19},"end":{"line":38,"column":1}},"1":{"start":{"line":13,"column":28},"end":{"line":13,"column":46}},"2":{"start":{"line":15,"column":21},"end":{"line":18,"column":5}},"3":{"start":{"line":16,"column":8},"end":{"line":16,"column":29}},"4":{"start":{"line":17,"column":8},"end":{"line":17,"column":20}},"5":{"start":{"line":20,"column":27},"end":{"line":24,"column":5}},"6":{"start":{"line":21,"column":8},"end":{"line":23,"column":9}},"7":{"start":{"line":22,"column":12},"end":{"line":22,"column":27}},"8":{"start":{"line":26,"column":4},"end":{"line":37,"column":5}},"9":{"start":{"line":30,"column":37},"end":{"line":30,"column":64}},"10":{"start":{"line":33,"column":68},"end":{"line":33,"column":82}}},"fnMap":{"0":{"name":"(anonymous_0)","decl":{"start":{"line":12,"column":19},"end":{"line":12,"column":20}},"loc":{"start":{"line":12,"column":65},"end":{"line":38,"column":1}},"line":12},"1":{"name":"(anonymous_1)","decl":{"start":{"line":15,"column":21},"end":{"line":15,"column":22}},"loc":{"start":{"line":15,"column":39},"end":{"line":18,"column":5}},"line":15},"2":{"name":"(anonymous_2)","decl":{"start":{"line":20,"column":27},"end":{"line":20,"column":28}},"loc":{"start":{"line":20,"column":34},"end":{"line":24,"column":5}},"line":20},"3":{"name":"(anonymous_3)","decl":{"start":{"line":30,"column":26},"end":{"line":30,"column":27}},"loc":{"start":{"line":30,"column":37},"end":{"line":30,"column":64}},"line":30},"4":{"name":"(anonymous_4)","decl":{"start":{"line":33,"column":62},"end":{"line":33,"column":63}},"loc":{"start":{"line":33,"column":68},"end":{"line":33,"column":82}},"line":33}},"branchMap":{"0":{"loc":{"start":{"line":21,"column":8},"end":{"line":23,"column":9}},"type":"if","locations":[{"start":{"line":21,"column":8},"end":{"line":23,"column":9}},{"start":{"line":21,"column":8},"end":{"line":23,"column":9}}],"line":21}},"s":{"0":1,"1":2,"2":2,"3":0,"4":0,"5":2,"6":0,"7":0,"8":2,"9":0,"10":0},"f":{"0":2,"1":0,"2":0,"3":0,"4":0},"b":{"0":[0,0]},"_coverageSchema":"43e27e138ebf9cfc5966b082cf9a028302ed4184","hash":"2282d1dc5b9897687a58cd1464a00e37fd4ed154"}
,"C:\\Users\\slian01\\Projects\\ReactiveChat\\frontend\\src\\chat\\components\\common\\styles\\index.ts": {"path":"C:\\Users\\slian01\\Projects\\ReactiveChat\\frontend\\src\\chat\\components\\common\\styles\\index.ts","statementMap":{"0":{"start":{"line":3,"column":42},"end":{"line":34,"column":2}},"1":{"start":{"line":3,"column":52},"end":{"line":34,"column":1}}},"fnMap":{"0":{"name":"(anonymous_0)","decl":{"start":{"line":3,"column":42},"end":{"line":3,"column":43}},"loc":{"start":{"line":3,"column":52},"end":{"line":34,"column":1}},"line":3}},"branchMap":{},"s":{"0":1,"1":1},"f":{"0":1},"b":{},"_coverageSchema":"43e27e138ebf9cfc5966b082cf9a028302ed4184","hash":"804c2b0333946e90a29912a3b2a8da3933efe002"}
,"C:\\Users\\slian01\\Projects\\ReactiveChat\\frontend\\src\\chat\\components\\messages\\MessageBlock.tsx": {"path":"C:\\Users\\slian01\\Projects\\ReactiveChat\\frontend\\src\\chat\\components\\messages\\MessageBlock.tsx","statementMap":{"0":{"start":{"line":12,"column":21},"end":{"line":27,"column":1}},"1":{"start":{"line":13,"column":4},"end":{"line":26,"column":14}}},"fnMap":{"0":{"name":"(anonymous_0)","decl":{"start":{"line":12,"column":21},"end":{"line":12,"column":22}},"loc":{"start":{"line":13,"column":4},"end":{"line":26,"column":14}},"line":13}},"branchMap":{},"s":{"0":2,"1":2},"f":{"0":2},"b":{},"_coverageSchema":"43e27e138ebf9cfc5966b082cf9a028302ed4184","hash":"b0cb615343c5ebb4f4c7a00b83713d0ad4c74c47"}
,"C:\\Users\\slian01\\Projects\\ReactiveChat\\frontend\\src\\chat\\components\\messages\\MyMessageBlock.tsx": {"path":"C:\\Users\\slian01\\Projects\\ReactiveChat\\frontend\\src\\chat\\components\\messages\\MyMessageBlock.tsx","statementMap":{"0":{"start":{"line":6,"column":23},"end":{"line":10,"column":1}},"1":{"start":{"line":7,"column":4},"end":{"line":9,"column":14}}},"fnMap":{"0":{"name":"(anonymous_0)","decl":{"start":{"line":6,"column":23},"end":{"line":6,"column":24}},"loc":{"start":{"line":7,"column":4},"end":{"line":9,"column":14}},"line":7}},"branchMap":{},"s":{"0":2,"1":1},"f":{"0":1},"b":{},"_coverageSchema":"43e27e138ebf9cfc5966b082cf9a028302ed4184","hash":"4af6773df0876d1c2d82d29228d8a37d43a48803"}
,"C:\\Users\\slian01\\Projects\\ReactiveChat\\frontend\\src\\chat\\components\\messages\\index.tsx": {"path":"C:\\Users\\slian01\\Projects\\ReactiveChat\\frontend\\src\\chat\\components\\messages\\index.tsx","statementMap":{"0":{"start":{"line":14,"column":27},"end":{"line":26,"column":1}},"1":{"start":{"line":15,"column":4},"end":{"line":25,"column":5}},"2":{"start":{"line":19,"column":20},"end":{"line":21,"column":72}}},"fnMap":{"0":{"name":"(anonymous_0)","decl":{"start":{"line":14,"column":27},"end":{"line":14,"column":28}},"loc":{"start":{"line":14,"column":74},"end":{"line":26,"column":1}},"line":14},"1":{"name":"(anonymous_1)","decl":{"start":{"line":18,"column":53},"end":{"line":18,"column":54}},"loc":{"start":{"line":19,"column":20},"end":{"line":21,"column":72}},"line":19}},"branchMap":{"0":{"loc":{"start":{"line":18,"column":16},"end":{"line":22,"column":17}},"type":"binary-expr","locations":[{"start":{"line":18,"column":16},"end":{"line":18,"column":30}},{"start":{"line":18,"column":34},"end":{"line":22,"column":17}}],"line":18},"1":{"loc":{"start":{"line":19,"column":20},"end":{"line":21,"column":72}},"type":"cond-expr","locations":[{"start":{"line":20,"column":26},"end":{"line":20,"column":74}},{"start":{"line":21,"column":26},"end":{"line":21,"column":72}}],"line":19},"2":{"loc":{"start":{"line":19,"column":20},"end":{"line":19,"column":68}},"type":"binary-expr","locations":[{"start":{"line":19,"column":20},"end":{"line":19,"column":30}},{"start":{"line":19,"column":34},"end":{"line":19,"column":68}}],"line":19}},"s":{"0":2,"1":4,"2":2},"f":{"0":4,"1":2},"b":{"0":[4,4],"1":[1,1],"2":[2,2]},"_coverageSchema":"43e27e138ebf9cfc5966b082cf9a028302ed4184","hash":"523c8523fca125f3b08683ed5573b113d0b32930"}
,"C:\\Users\\slian01\\Projects\\ReactiveChat\\frontend\\src\\chat\\components\\messages\\styles\\index.ts": {"path":"C:\\Users\\slian01\\Projects\\ReactiveChat\\frontend\\src\\chat\\components\\messages\\styles\\index.ts","statementMap":{"0":{"start":{"line":3,"column":42},"end":{"line":26,"column":2}},"1":{"start":{"line":3,"column":52},"end":{"line":26,"column":1}}},"fnMap":{"0":{"name":"(anonymous_0)","decl":{"start":{"line":3,"column":42},"end":{"line":3,"column":43}},"loc":{"start":{"line":3,"column":52},"end":{"line":26,"column":1}},"line":3}},"branchMap":{},"s":{"0":2,"1":3},"f":{"0":3},"b":{},"_coverageSchema":"43e27e138ebf9cfc5966b082cf9a028302ed4184","hash":"96d48419b8386c03b11592fa17eb61e41ebf8706"}
,"C:\\Users\\slian01\\Projects\\ReactiveChat\\frontend\\src\\chat\\components\\styles\\index.ts": {"path":"C:\\Users\\slian01\\Projects\\ReactiveChat\\frontend\\src\\chat\\components\\styles\\index.ts","statementMap":{"0":{"start":{"line":3,"column":42},"end":{"line":16,"column":2}},"1":{"start":{"line":3,"column":52},"end":{"line":16,"column":1}}},"fnMap":{"0":{"name":"(anonymous_0)","decl":{"start":{"line":3,"column":42},"end":{"line":3,"column":43}},"loc":{"start":{"line":3,"column":52},"end":{"line":16,"column":1}},"line":3}},"branchMap":{},"s":{"0":1,"1":0},"f":{"0":0},"b":{},"_coverageSchema":"43e27e138ebf9cfc5966b082cf9a028302ed4184","hash":"ffacc16b939d53f5bcdb81fda70c7880d90c8090"}
,"C:\\Users\\slian01\\Projects\\ReactiveChat\\frontend\\src\\chat\\scene\\auth\\actions\\index.ts": {"path":"C:\\Users\\slian01\\Projects\\ReactiveChat\\frontend\\src\\chat\\scene\\auth\\actions\\index.ts","statementMap":{"0":{"start":{"line":5,"column":25},"end":{"line":23,"column":1}},"1":{"start":{"line":5,"column":43},"end":{"line":23,"column":1}},"2":{"start":{"line":6,"column":4},"end":{"line":22,"column":36}},"3":{"start":{"line":15,"column":17},"end":{"line":15,"column":27}},"4":{"start":{"line":17,"column":8},"end":{"line":20,"column":10}},"5":{"start":{"line":22,"column":18},"end":{"line":22,"column":34}}},"fnMap":{"0":{"name":"(anonymous_0)","decl":{"start":{"line":5,"column":25},"end":{"line":5,"column":26}},"loc":{"start":{"line":5,"column":43},"end":{"line":23,"column":1}},"line":5},"1":{"name":"(anonymous_1)","decl":{"start":{"line":5,"column":43},"end":{"line":5,"column":44}},"loc":{"start":{"line":5,"column":57},"end":{"line":23,"column":1}},"line":5},"2":{"name":"(anonymous_2)","decl":{"start":{"line":15,"column":10},"end":{"line":15,"column":11}},"loc":{"start":{"line":15,"column":17},"end":{"line":15,"column":27}},"line":15},"3":{"name":"(anonymous_3)","decl":{"start":{"line":16,"column":10},"end":{"line":16,"column":11}},"loc":{"start":{"line":16,"column":18},"end":{"line":21,"column":5}},"line":16},"4":{"name":"(anonymous_4)","decl":{"start":{"line":22,"column":11},"end":{"line":22,"column":12}},"loc":{"start":{"line":22,"column":18},"end":{"line":22,"column":34}},"line":22}},"branchMap":{},"s":{"0":1,"1":0,"2":0,"3":0,"4":0,"5":0},"f":{"0":0,"1":0,"2":0,"3":0,"4":0},"b":{},"_coverageSchema":"43e27e138ebf9cfc5966b082cf9a028302ed4184","hash":"6d50fce23c971e96ec49fcd65508440c799eac6b"}
,"C:\\Users\\slian01\\Projects\\ReactiveChat\\frontend\\src\\chat\\scene\\auth\\containers\\index.ts": {"path":"C:\\Users\\slian01\\Projects\\ReactiveChat\\frontend\\src\\chat\\scene\\auth\\containers\\index.ts","statementMap":{"0":{"start":{"line":6,"column":24},"end":{"line":9,"column":2}},"1":{"start":{"line":6,"column":43},"end":{"line":9,"column":1}},"2":{"start":{"line":11,"column":27},"end":{"line":15,"column":2}},"3":{"start":{"line":11,"column":52},"end":{"line":15,"column":1}}},"fnMap":{"0":{"name":"(anonymous_0)","decl":{"start":{"line":6,"column":24},"end":{"line":6,"column":25}},"loc":{"start":{"line":6,"column":43},"end":{"line":9,"column":1}},"line":6},"1":{"name":"(anonymous_1)","decl":{"start":{"line":11,"column":27},"end":{"line":11,"column":28}},"loc":{"start":{"line":11,"column":52},"end":{"line":15,"column":1}},"line":11}},"branchMap":{},"s":{"0":1,"1":1,"2":1,"3":1},"f":{"0":1,"1":1},"b":{},"_coverageSchema":"43e27e138ebf9cfc5966b082cf9a028302ed4184","hash":"9c0f5cd1574ded3c0e3675dbdb2215fd9fe3bb3b"}
}
