TN:
SF:C:\Users\slian01\Projects\ReactiveChat\frontend\src\root\components\common\InputBlock.tsx
FN:12,(anonymous_0)
FN:15,(anonymous_1)
FN:20,(anonymous_2)
FN:30,(anonymous_3)
FN:33,(anonymous_4)
FNF:5
FNH:1
FNDA:1,(anonymous_0)
FNDA:0,(anonymous_1)
FNDA:0,(anonymous_2)
FNDA:0,(anonymous_3)
FNDA:0,(anonymous_4)
DA:12,1
DA:13,1
DA:15,1
DA:16,0
DA:17,0
DA:20,1
DA:21,0
DA:22,0
DA:26,1
DA:30,0
DA:33,0
LF:11
LH:5
BRDA:21,0,0,0
BRDA:21,0,1,0
BRF:2
BRH:0
end_of_record
TN:
SF:C:\Users\slian01\Projects\ReactiveChat\frontend\src\root\components\common\styles\index.ts
FN:3,(anonymous_0)
FNF:1
FNH:1
FNDA:1,(anonymous_0)
DA:3,1
LF:1
LH:1
BRF:0
BRH:0
end_of_record
TN:
SF:C:\Users\slian01\Projects\ReactiveChat\frontend\src\root\scene\chat\components\index.tsx
FN:17,(anonymous_0)
FN:18,(anonymous_1)
FN:22,(anonymous_2)
FNF:3
FNH:2
FNDA:2,(anonymous_0)
FNDA:1,(anonymous_1)
FNDA:0,(anonymous_2)
DA:17,1
DA:18,2
DA:19,1
DA:22,2
DA:28,2
LF:5
LH:5
BRDA:32,0,0,2
BRDA:32,0,1,1
BRF:2
BRH:2
end_of_record
TN:
SF:C:\Users\slian01\Projects\ReactiveChat\frontend\src\root\scene\chat\components\messages\MessageBlock.tsx
FN:12,(anonymous_0)
FNF:1
FNH:1
FNDA:2,(anonymous_0)
DA:12,2
DA:13,2
LF:2
LH:2
BRF:0
BRH:0
end_of_record
TN:
SF:C:\Users\slian01\Projects\ReactiveChat\frontend\src\root\scene\chat\components\messages\MyMessageBlock.tsx
FN:6,(anonymous_0)
FNF:1
FNH:1
FNDA:1,(anonymous_0)
DA:6,2
DA:7,1
LF:2
LH:2
BRF:0
BRH:0
end_of_record
TN:
SF:C:\Users\slian01\Projects\ReactiveChat\frontend\src\root\scene\chat\components\messages\index.tsx
FN:14,(anonymous_0)
FN:18,(anonymous_1)
FNF:2
FNH:2
FNDA:4,(anonymous_0)
FNDA:2,(anonymous_1)
DA:14,2
DA:15,4
DA:19,2
LF:3
LH:3
BRDA:18,0,0,4
BRDA:18,0,1,4
BRDA:19,1,0,1
BRDA:19,1,1,1
BRDA:19,2,0,2
BRDA:19,2,1,2
BRF:6
BRH:6
end_of_record
TN:
SF:C:\Users\slian01\Projects\ReactiveChat\frontend\src\root\scene\chat\components\messages\styles\index.ts
FN:3,(anonymous_0)
FNF:1
FNH:1
FNDA:3,(anonymous_0)
DA:3,3
LF:1
LH:1
BRF:0
BRH:0
end_of_record
TN:
SF:C:\Users\slian01\Projects\ReactiveChat\frontend\src\root\scene\chat\components\styles\index.ts
FN:3,(anonymous_0)
FNF:1
FNH:0
FNDA:0,(anonymous_0)
DA:3,1
LF:1
LH:1
BRF:0
BRH:0
end_of_record
